<?xml version="1.0" encoding="UTF-8"?>
<testsuite xmlns:xsi="http://www.w3.org/2001/XMLSchema-instance" xsi:noNamespaceSchemaLocation="https://maven.apache.org/surefire/maven-surefire-plugin/xsd/surefire-test-report-3.0.xsd" version="3.0" name="com.graph.GraphGeneratorTest" time="0.019" tests="16" errors="0" skipped="0" failures="0">
  <properties>
[...]
</properties>
  <testcase name="generate_allTopologies_noException" classname="com.graph.GraphGeneratorTest" time="0.001"/>
  <testcase name="generate_allTopologies_mstSizeCorrect" classname="com.graph.GraphGeneratorTest" time="0.001"/>
  <testcase name="dag_sourceDistanceIsZero" classname="com.graph.GraphGeneratorTest" time="0.0"/>
  <testcase name="complete_primAndKruskalAgree" classname="com.graph.GraphGeneratorTest" time="0.003"/>
  <testcase name="dag_dagSpAndDijkstraAgreeOnReachableVertices" classname="com.graph.GraphGeneratorTest" time="0.0"/>
  <testcase name="dense_mstHasVMinus1Edges" classname="com.graph.GraphGeneratorTest" time="0.0"/>
  <testcase name="sparse_dijkstraReachesAllVertices" classname="com.graph.GraphGeneratorTest" time="0.001"/>
  <testcase name="dag_noCycleDetected" classname="com.graph.GraphGeneratorTest" time="0.0"/>
  <testcase name="dense_primAndKruskalAgree" classname="com.graph.GraphGeneratorTest" time="0.001"/>
  <testcase name="sparse_mstHasVMinus1Edges" classname="com.graph.GraphGeneratorTest" time="0.0"/>
  <testcase name="generate_differentSeed_likelyDifferentGraph" classname="com.graph.GraphGeneratorTest" time="0.001"/>
  <testcase name="sparse_primAndKruskalAgree" classname="com.graph.GraphGeneratorTest" time="0.001"/>
  <testcase name="complete_mstHasVMinus1Edges" classname="com.graph.GraphGeneratorTest" time="0.001"/>
  <testcase name="dag_noExceptionOnDagShortestPath" classname="com.graph.GraphGeneratorTest" time="0.001"/>
  <testcase name="dense_dijkstraReachesAllVertices" classname="com.graph.GraphGeneratorTest" time="0.0"/>
  <testcase name="generate_sameSeed_sameGraph_sparse" classname="com.graph.GraphGeneratorTest" time="0.001"/>
</testsuite>